<?xml version="1.0" encoding="UTF-8"?>
<!-- Generated by org.testng.reporters.JUnitReportReporter -->
<testsuite hostname="Vinoth5490" name="practice.Listeners" tests="1" failures="0" timestamp="4 Feb 2017 12:34:55 GMT" time="0.020" errors="0">
  <testcase name="test2" time="0.020" classname="practice.Listeners"/>
</testsuite> <!-- practice.Listeners -->
